Router 2 routing table
destination  metric  next_hop  timeout_left  garbage_left
2           0       -        -            -           

Router 2 routing table
destination  metric  next_hop  timeout_left  garbage_left
1           1       1        12.0s        -           
2           0       -        -            -           
3           7       1        12.0s        -           
4           6       1        12.0s        -           
5           7       1        12.0s        -           
6           9       1        12.0s        -           
7           10      1        12.0s        -           

Router 2 routing table
destination  metric  next_hop  timeout_left  garbage_left
1           1       1        12.0s        -           
2           0       -        -            -           
3           1       3        12.0s        -           
4           2       3        12.0s        -           
5           3       3        12.0s        -           
6           5       3        12.0s        -           
7           6       3        12.0s        -           

Router 2 routing table
destination  metric  next_hop  timeout_left  garbage_left
1           1       1        12.0s        -           
2           0       -        -            -           
3           1       3        12.0s        -           
4           2       4        12.0s        -           
5           3       3        12.0s        -           
6           5       3        12.0s        -           
7           6       3        12.0s        -           

Router 2 routing table
destination  metric  next_hop  timeout_left  garbage_left
1           1       1        12.0s        -           
2           0       -        -            -           
3           1       3        12.0s        -           
4           2       4        12.0s        -           
5           3       3        12.0s        -           
6           5       3        12.0s        -           
7           6       3        12.0s        -           

Router 2 routing table
destination  metric  next_hop  timeout_left  garbage_left
1           1       1        12.0s        -           
2           0       -        -            -           
3           1       3        12.0s        -           
4           2       4        12.0s        -           
5           3       3        12.0s        -           
6           5       3        12.0s        -           
7           6       3        12.0s        -           

Router 2 routing table
destination  metric  next_hop  timeout_left  garbage_left
1           1       1        12.0s        -           
2           0       -        -            -           
3           1       3        12.0s        -           
4           2       4        12.0s        -           
5           3       3        12.0s        -           
6           5       3        12.0s        -           
7           6       3        12.0s        -           

Router 2 routing table
destination  metric  next_hop  timeout_left  garbage_left
1           1       1        12.0s        -           
2           0       -        -            -           
3           1       3        12.0s        -           
4           2       4        12.0s        -           
5           3       3        12.0s        -           
6           5       3        12.0s        -           
7           6       3        12.0s        -           

Router 2 routing table
destination  metric  next_hop  timeout_left  garbage_left
1           1       1        12.0s        -           
2           0       -        -            -           
3           1       3        12.0s        -           
4           2       4        12.0s        -           
5           3       3        12.0s        -           
6           5       3        12.0s        -           
7           6       3        12.0s        -           

Router 2 routing table
destination  metric  next_hop  timeout_left  garbage_left
1           1       1        12.0s        -           
2           0       -        -            -           
3           1       3        12.0s        -           
4           2       4        12.0s        -           
5           3       3        12.0s        -           
6           5       3        12.0s        -           
7           6       3        12.0s        -           

Router 2 routing table
destination  metric  next_hop  timeout_left  garbage_left
1           1       1        12.0s        -           
2           0       -        -            -           
3           1       3        12.0s        -           
4           2       4        12.0s        -           
5           3       3        12.0s        -           
6           5       3        12.0s        -           
7           6       3        12.0s        -           

Router 2 routing table
destination  metric  next_hop  timeout_left  garbage_left
1           1       1        12.0s        -           
2           0       -        -            -           
3           1       3        12.0s        -           
4           2       4        12.0s        -           
5           3       3        12.0s        -           
6           5       3        12.0s        -           
7           6       3        12.0s        -           

