Router 4 routing table
destination  metric  next_hop  timeout_left  garbage_left
4           0       -        -            -           

Router 4 routing table
destination  metric  next_hop  timeout_left  garbage_left
4           0       -        -            -           

Router 4 routing table
destination  metric  next_hop  timeout_left  garbage_left
1           5       1        12.0s        -           
4           0       -        -            -           

Router 4 routing table
destination  metric  next_hop  timeout_left  garbage_left
1           5       1        12.0s        -           
2           2       2        12.0s        -           
4           0       -        -            -           

Router 4 routing table
destination  metric  next_hop  timeout_left  garbage_left
1           5       1        12.0s        -           
2           2       2        12.0s        -           
3           1       3        12.0s        -           
4           0       -        -            -           

Router 4 routing table
destination  metric  next_hop  timeout_left  garbage_left
1           5       1        10.0s        -           
2           2       2        10.0s        -           
3           1       3        10.0s        -           
4           0       -        -            -           

Router 4 routing table
destination  metric  next_hop  timeout_left  garbage_left
1           3       2        12.0s        -           
2           2       2        12.0s        -           
3           1       3        10.0s        -           
4           0       -        -            -           

Router 4 routing table
destination  metric  next_hop  timeout_left  garbage_left
1           3       2        10.0s        -           
2           2       2        10.0s        -           
3           1       3        10.0s        -           
4           0       -        -            -           

Router 4 routing table
destination  metric  next_hop  timeout_left  garbage_left
1           5       1        12.0s        -           
2           2       2        10.0s        -           
3           1       3        10.0s        -           
4           0       -        -            -           

Router 4 routing table
destination  metric  next_hop  timeout_left  garbage_left
1           3       2        12.0s        -           
2           2       2        12.0s        -           
3           1       3        10.0s        -           
4           0       -        -            -           

Router 4 routing table
destination  metric  next_hop  timeout_left  garbage_left
1           5       1        12.0s        -           
2           2       2        10.0s        -           
3           1       3        10.0s        -           
4           0       -        -            -           

Router 4 routing table
destination  metric  next_hop  timeout_left  garbage_left
1           3       2        12.0s        -           
2           2       2        12.0s        -           
3           1       3        10.0s        -           
4           0       -        -            -           

Router 4 routing table
destination  metric  next_hop  timeout_left  garbage_left
1           3       2        12.0s        -           
2           2       2        12.0s        -           
3           1       3        12.0s        -           
4           0       -        -            -           

Router 4 routing table
destination  metric  next_hop  timeout_left  garbage_left
1           3       2        10.0s        -           
2           2       2        10.0s        -           
3           1       3        10.0s        -           
4           0       -        -            -           

Router 4 routing table
destination  metric  next_hop  timeout_left  garbage_left
1           5       1        12.0s        -           
2           2       2        10.0s        -           
3           1       3        10.0s        -           
4           0       -        -            -           

Router 4 routing table
destination  metric  next_hop  timeout_left  garbage_left
1           3       2        12.0s        -           
2           2       2        12.0s        -           
3           1       3        10.0s        -           
4           0       -        -            -           

Router 4 routing table
destination  metric  next_hop  timeout_left  garbage_left
1           3       2        10.0s        -           
2           2       2        10.0s        -           
3           1       3        10.0s        -           
4           0       -        -            -           

Router 4 routing table
destination  metric  next_hop  timeout_left  garbage_left
1           5       1        12.0s        -           
2           2       2        12.0s        -           
3           1       3        10.0s        -           
4           0       -        -            -           

Router 4 routing table
destination  metric  next_hop  timeout_left  garbage_left
1           3       3        12.0s        -           
2           2       2        12.0s        -           
3           1       3        12.0s        -           
4           0       -        -            -           

Router 4 routing table
destination  metric  next_hop  timeout_left  garbage_left
1           3       3        10.0s        -           
2           2       2        10.0s        -           
3           1       3        10.0s        -           
4           0       -        -            -           

Router 4 routing table
destination  metric  next_hop  timeout_left  garbage_left
1           5       1        12.0s        -           
2           2       2        10.0s        -           
3           1       3        10.0s        -           
4           0       -        -            -           

Router 4 routing table
destination  metric  next_hop  timeout_left  garbage_left
1           3       3        12.0s        -           
2           2       2        10.0s        -           
3           1       3        12.0s        -           
4           0       -        -            -           

Router 4 routing table
destination  metric  next_hop  timeout_left  garbage_left
1           5       1        12.0s        -           
2           2       2        8.0s         -           
3           1       3        12.0s        -           
4           0       -        -            -           

Router 4 routing table
destination  metric  next_hop  timeout_left  garbage_left
1           5       1        12.0s        -           
2           2       2        8.0s         -           
3           1       3        12.0s        -           
4           0       -        -            -           

Router 4 routing table
destination  metric  next_hop  timeout_left  garbage_left
1           3       3        12.0s        -           
2           2       2        6.0s         -           
3           1       3        12.0s        -           
4           0       -        -            -           

Router 4 routing table
destination  metric  next_hop  timeout_left  garbage_left
1           3       3        12.0s        -           
2           2       2        6.0s         -           
3           1       3        12.0s        -           
4           0       -        -            -           

Router 4 routing table
destination  metric  next_hop  timeout_left  garbage_left
1           5       1        12.0s        -           
2           2       2        6.0s         -           
3           1       3        12.0s        -           
4           0       -        -            -           

Router 4 routing table
destination  metric  next_hop  timeout_left  garbage_left
1           3       3        12.0s        -           
2           2       2        4.0s         -           
3           1       3        12.0s        -           
4           0       -        -            -           

Router 4 routing table
destination  metric  next_hop  timeout_left  garbage_left
1           5       1        12.0s        -           
2           2       2        4.0s         -           
3           1       3        12.0s        -           
4           0       -        -            -           

Router 4 routing table
destination  metric  next_hop  timeout_left  garbage_left
1           5       1        12.0s        -           
2           2       2        4.0s         -           
3           1       3        12.0s        -           
4           0       -        -            -           

Router 4 routing table
destination  metric  next_hop  timeout_left  garbage_left
1           5       1        10.0s        -           
2           2       2        2.0s         -           
3           1       3        10.0s        -           
4           0       -        -            -           

Router 4 routing table
destination  metric  next_hop  timeout_left  garbage_left
1           3       3        12.0s        -           
2           2       2        2.0s         -           
3           1       3        12.0s        -           
4           0       -        -            -           

Router 4 routing table
destination  metric  next_hop  timeout_left  garbage_left
1           3       3        10.0s        -           
2           16      2        12.0s        8.0s        
3           1       3        10.0s        -           
4           0       -        -            -           

Router 4 routing table
destination  metric  next_hop  timeout_left  garbage_left
1           5       1        12.0s        -           
2           16      2        12.0s        8.0s        
3           1       3        10.0s        -           
4           0       -        -            -           

Router 4 routing table
destination  metric  next_hop  timeout_left  garbage_left
1           5       1        12.0s        -           
2           16      2        12.0s        8.0s        
3           1       3        12.0s        -           
4           0       -        -            -           

Router 4 routing table
destination  metric  next_hop  timeout_left  garbage_left
1           5       1        10.0s        -           
2           16      2        10.0s        6.0s        
3           1       3        10.0s        -           
4           0       -        -            -           

Router 4 routing table
destination  metric  next_hop  timeout_left  garbage_left
1           5       1        10.0s        -           
2           16      2        8.0s         4.0s        
3           1       3        10.0s        -           
4           0       -        -            -           

Router 4 routing table
destination  metric  next_hop  timeout_left  garbage_left
1           5       1        10.0s        -           
2           16      2        6.0s         2.0s        
3           1       3        10.0s        -           
4           0       -        -            -           

Router 4 routing table
destination  metric  next_hop  timeout_left  garbage_left
1           5       1        10.0s        -           
3           1       3        10.0s        -           
4           0       -        -            -           

Router 4 routing table
destination  metric  next_hop  timeout_left  garbage_left
1           5       1        12.0s        -           
3           1       3        10.0s        -           
4           0       -        -            -           

Router 4 routing table
destination  metric  next_hop  timeout_left  garbage_left
1           5       1        10.0s        -           
3           1       3        12.0s        -           
4           0       -        -            -           

Router 4 routing table
destination  metric  next_hop  timeout_left  garbage_left
1           3       2        12.0s        -           
2           2       2        12.0s        -           
3           1       3        12.0s        -           
4           0       -        -            -           

Router 4 routing table
destination  metric  next_hop  timeout_left  garbage_left
1           3       2        10.0s        -           
2           2       2        10.0s        -           
3           1       3        10.0s        -           
4           0       -        -            -           

Router 4 routing table
destination  metric  next_hop  timeout_left  garbage_left
1           5       1        12.0s        -           
2           2       2        10.0s        -           
3           1       3        10.0s        -           
4           0       -        -            -           

Router 4 routing table
destination  metric  next_hop  timeout_left  garbage_left
1           3       3        12.0s        -           
2           2       2        10.0s        -           
3           1       3        12.0s        -           
4           0       -        -            -           

Router 4 routing table
destination  metric  next_hop  timeout_left  garbage_left
1           3       3        10.0s        -           
2           2       2        10.0s        -           
3           1       3        10.0s        -           
4           0       -        -            -           

Router 4 routing table
destination  metric  next_hop  timeout_left  garbage_left
1           5       1        12.0s        -           
2           2       2        10.0s        -           
3           1       3        12.0s        -           
4           0       -        -            -           

Router 4 routing table
destination  metric  next_hop  timeout_left  garbage_left
1           3       2        12.0s        -           
2           2       2        12.0s        -           
3           1       3        12.0s        -           
4           0       -        -            -           

Router 4 routing table
destination  metric  next_hop  timeout_left  garbage_left
1           5       1        12.0s        -           
2           2       2        10.0s        -           
3           1       3        10.0s        -           
4           0       -        -            -           

Router 4 routing table
destination  metric  next_hop  timeout_left  garbage_left
1           5       1        12.0s        -           
2           2       2        10.0s        -           
3           1       3        10.0s        -           
4           0       -        -            -           

Router 4 routing table
destination  metric  next_hop  timeout_left  garbage_left
1           3       3        12.0s        -           
2           2       2        10.0s        -           
3           1       3        12.0s        -           
4           0       -        -            -           

Router 4 routing table
destination  metric  next_hop  timeout_left  garbage_left
1           3       3        10.0s        -           
2           2       2        10.0s        -           
3           1       3        10.0s        -           
4           0       -        -            -           

Router 4 routing table
destination  metric  next_hop  timeout_left  garbage_left
1           5       1        12.0s        -           
2           2       2        10.0s        -           
3           1       3        10.0s        -           
4           0       -        -            -           

Router 4 routing table
destination  metric  next_hop  timeout_left  garbage_left
1           3       3        12.0s        -           
2           2       2        10.0s        -           
3           1       3        12.0s        -           
4           0       -        -            -           

Router 4 routing table
destination  metric  next_hop  timeout_left  garbage_left
1           3       3        10.0s        -           
2           2       2        10.0s        -           
3           1       3        10.0s        -           
4           0       -        -            -           

Router 4 routing table
destination  metric  next_hop  timeout_left  garbage_left
1           5       1        12.0s        -           
2           2       2        10.0s        -           
3           1       3        10.0s        -           
4           0       -        -            -           

Router 4 routing table
destination  metric  next_hop  timeout_left  garbage_left
1           3       3        12.0s        -           
2           2       2        10.0s        -           
3           1       3        12.0s        -           
4           0       -        -            -           

Router 4 routing table
destination  metric  next_hop  timeout_left  garbage_left
1           3       3        10.0s        -           
2           2       2        10.0s        -           
3           1       3        10.0s        -           
4           0       -        -            -           

Router 4 routing table
destination  metric  next_hop  timeout_left  garbage_left
1           5       1        12.0s        -           
2           2       2        10.0s        -           
3           1       3        10.0s        -           
4           0       -        -            -           

Router 4 routing table
destination  metric  next_hop  timeout_left  garbage_left
1           3       3        12.0s        -           
2           2       2        10.0s        -           
3           1       3        12.0s        -           
4           0       -        -            -           

Router 4 routing table
destination  metric  next_hop  timeout_left  garbage_left
1           3       3        10.0s        -           
2           2       2        10.0s        -           
3           1       3        10.0s        -           
4           0       -        -            -           

Router 4 routing table
destination  metric  next_hop  timeout_left  garbage_left
1           5       1        12.0s        -           
2           2       2        10.0s        -           
3           1       3        10.0s        -           
4           0       -        -            -           

Router 4 routing table
destination  metric  next_hop  timeout_left  garbage_left
1           3       3        12.0s        -           
2           2       2        10.0s        -           
3           1       3        12.0s        -           
4           0       -        -            -           

Router 4 routing table
destination  metric  next_hop  timeout_left  garbage_left
1           3       3        10.0s        -           
2           2       2        10.0s        -           
3           1       3        10.0s        -           
4           0       -        -            -           

