Router 5 routing table
destination  metric  next_hop  timeout_left  garbage_left
5           0       -        -            -           

Router 5 routing table
destination  metric  next_hop  timeout_left  garbage_left
5           0       -        -            -           

Router 5 routing table
destination  metric  next_hop  timeout_left  garbage_left
4           1       4        12.0s        -           
5           0       -        -            -           

Router 5 routing table
destination  metric  next_hop  timeout_left  garbage_left
4           1       4        12.0s        -           
5           0       -        -            -           
6           2       6        12.0s        -           

Router 5 routing table
destination  metric  next_hop  timeout_left  garbage_left
4           1       4        10.0s        -           
5           0       -        -            -           
6           2       6        10.0s        -           

Router 5 routing table
destination  metric  next_hop  timeout_left  garbage_left
4           1       4        10.0s        -           
5           0       -        -            -           
6           2       6        12.0s        -           
7           3       6        12.0s        -           

Router 5 routing table
destination  metric  next_hop  timeout_left  garbage_left
1           4       4        12.0s        -           
2           3       4        12.0s        -           
3           2       4        12.0s        -           
4           1       4        12.0s        -           
5           0       -        -            -           
6           2       6        12.0s        -           
7           3       6        12.0s        -           

Router 5 routing table
destination  metric  next_hop  timeout_left  garbage_left
1           4       4        10.0s        -           
2           3       4        10.0s        -           
3           2       4        10.0s        -           
4           1       4        10.0s        -           
5           0       -        -            -           
6           2       6        10.0s        -           
7           3       6        10.0s        -           

Router 5 routing table
destination  metric  next_hop  timeout_left  garbage_left
1           4       4        12.0s        -           
2           3       4        12.0s        -           
3           2       4        12.0s        -           
4           1       4        12.0s        -           
5           0       -        -            -           
6           2       6        10.0s        -           
7           3       6        10.0s        -           

Router 5 routing table
destination  metric  next_hop  timeout_left  garbage_left
1           4       4        12.0s        -           
2           3       4        12.0s        -           
3           2       4        12.0s        -           
4           1       4        12.0s        -           
5           0       -        -            -           
6           2       6        10.0s        -           
7           3       6        10.0s        -           

Router 5 routing table
destination  metric  next_hop  timeout_left  garbage_left
1           4       4        10.0s        -           
2           3       4        10.0s        -           
3           2       4        10.0s        -           
4           1       4        10.0s        -           
5           0       -        -            -           
6           2       6        10.0s        -           
7           3       6        10.0s        -           

Router 5 routing table
destination  metric  next_hop  timeout_left  garbage_left
1           4       4        10.0s        -           
2           3       4        10.0s        -           
3           2       4        10.0s        -           
4           1       4        10.0s        -           
5           0       -        -            -           
6           2       6        10.0s        -           
7           3       6        10.0s        -           

Router 5 routing table
destination  metric  next_hop  timeout_left  garbage_left
1           4       4        12.0s        -           
2           3       4        12.0s        -           
3           2       4        12.0s        -           
4           1       4        12.0s        -           
5           0       -        -            -           
6           2       6        12.0s        -           
7           3       6        12.0s        -           

Router 5 routing table
destination  metric  next_hop  timeout_left  garbage_left
1           4       4        10.0s        -           
2           3       4        10.0s        -           
3           2       4        10.0s        -           
4           1       4        10.0s        -           
5           0       -        -            -           
6           2       6        10.0s        -           
7           3       6        10.0s        -           

Router 5 routing table
destination  metric  next_hop  timeout_left  garbage_left
1           4       4        10.0s        -           
2           3       4        10.0s        -           
3           2       4        10.0s        -           
4           1       4        10.0s        -           
5           0       -        -            -           
6           2       6        10.0s        -           
7           3       6        10.0s        -           

Router 5 routing table
destination  metric  next_hop  timeout_left  garbage_left
1           4       4        12.0s        -           
2           3       4        12.0s        -           
3           2       4        12.0s        -           
4           1       4        12.0s        -           
5           0       -        -            -           
6           2       6        10.0s        -           
7           3       6        10.0s        -           

Router 5 routing table
destination  metric  next_hop  timeout_left  garbage_left
1           6       4        12.0s        -           
2           16      4        12.0s        8.0s        
3           2       4        12.0s        -           
4           1       4        12.0s        -           
5           0       -        -            -           
6           2       6        10.0s        -           
7           3       6        10.0s        -           

Router 5 routing table
destination  metric  next_hop  timeout_left  garbage_left
1           6       4        12.0s        -           
2           16      4        12.0s        8.0s        
3           2       4        12.0s        -           
4           1       4        12.0s        -           
5           0       -        -            -           
6           2       6        12.0s        -           
7           3       6        12.0s        -           

Router 5 routing table
destination  metric  next_hop  timeout_left  garbage_left
1           6       4        10.0s        -           
2           16      4        10.0s        6.0s        
3           2       4        10.0s        -           
4           1       4        10.0s        -           
5           0       -        -            -           
6           2       6        10.0s        -           
7           3       6        10.0s        -           

Router 5 routing table
destination  metric  next_hop  timeout_left  garbage_left
1           6       4        10.0s        -           
2           16      4        8.0s         4.0s        
3           2       4        10.0s        -           
4           1       4        10.0s        -           
5           0       -        -            -           
6           2       6        10.0s        -           
7           3       6        10.0s        -           

Router 5 routing table
destination  metric  next_hop  timeout_left  garbage_left
1           6       4        12.0s        -           
2           16      4        6.0s         2.0s        
3           2       4        12.0s        -           
4           1       4        12.0s        -           
5           0       -        -            -           
6           2       6        10.0s        -           
7           3       6        10.0s        -           

Router 5 routing table
destination  metric  next_hop  timeout_left  garbage_left
1           6       4        10.0s        -           
3           2       4        10.0s        -           
4           1       4        10.0s        -           
5           0       -        -            -           
6           2       6        10.0s        -           
7           3       6        10.0s        -           

Router 5 routing table
destination  metric  next_hop  timeout_left  garbage_left
1           6       4        10.0s        -           
3           2       4        10.0s        -           
4           1       4        10.0s        -           
5           0       -        -            -           
6           2       6        10.0s        -           
7           3       6        10.0s        -           

Router 5 routing table
destination  metric  next_hop  timeout_left  garbage_left
1           6       4        12.0s        -           
3           2       4        12.0s        -           
4           1       4        12.0s        -           
5           0       -        -            -           
6           2       6        10.0s        -           
7           3       6        10.0s        -           

Router 5 routing table
destination  metric  next_hop  timeout_left  garbage_left
1           4       4        12.0s        -           
2           3       4        12.0s        -           
3           2       4        12.0s        -           
4           1       4        12.0s        -           
5           0       -        -            -           
6           2       6        10.0s        -           
7           3       6        10.0s        -           

Router 5 routing table
destination  metric  next_hop  timeout_left  garbage_left
1           4       4        12.0s        -           
2           3       4        12.0s        -           
3           2       4        12.0s        -           
4           1       4        12.0s        -           
5           0       -        -            -           
6           2       6        10.0s        -           
7           3       6        10.0s        -           

Router 5 routing table
destination  metric  next_hop  timeout_left  garbage_left
1           4       4        10.0s        -           
2           3       4        10.0s        -           
3           2       4        10.0s        -           
4           1       4        10.0s        -           
5           0       -        -            -           
6           2       6        10.0s        -           
7           3       6        10.0s        -           

Router 5 routing table
destination  metric  next_hop  timeout_left  garbage_left
1           4       4        10.0s        -           
2           3       4        10.0s        -           
3           2       4        10.0s        -           
4           1       4        10.0s        -           
5           0       -        -            -           
6           2       6        12.0s        -           
7           3       6        12.0s        -           

Router 5 routing table
destination  metric  next_hop  timeout_left  garbage_left
1           4       4        10.0s        -           
2           3       4        10.0s        -           
3           2       4        10.0s        -           
4           1       4        10.0s        -           
5           0       -        -            -           
6           2       6        10.0s        -           
7           3       6        10.0s        -           

Router 5 routing table
destination  metric  next_hop  timeout_left  garbage_left
1           4       4        10.0s        -           
2           3       4        10.0s        -           
3           2       4        10.0s        -           
4           1       4        10.0s        -           
5           0       -        -            -           
6           2       6        10.0s        -           
7           3       6        10.0s        -           

Router 5 routing table
destination  metric  next_hop  timeout_left  garbage_left
1           4       4        10.0s        -           
2           3       4        10.0s        -           
3           2       4        10.0s        -           
4           1       4        10.0s        -           
5           0       -        -            -           
6           2       6        10.0s        -           
7           3       6        10.0s        -           

Router 5 routing table
destination  metric  next_hop  timeout_left  garbage_left
1           4       4        10.0s        -           
2           3       4        10.0s        -           
3           2       4        10.0s        -           
4           1       4        10.0s        -           
5           0       -        -            -           
6           2       6        10.0s        -           
7           3       6        10.0s        -           

Router 5 routing table
destination  metric  next_hop  timeout_left  garbage_left
1           4       4        12.0s        -           
2           3       4        12.0s        -           
3           2       4        12.0s        -           
4           1       4        12.0s        -           
5           0       -        -            -           
6           2       6        10.0s        -           
7           3       6        10.0s        -           

