Router 7 routing table
destination  metric  next_hop  timeout_left  garbage_left
7           0       -        -            -           

Router 7 routing table
destination  metric  next_hop  timeout_left  garbage_left
7           0       -        -            -           

Router 7 routing table
destination  metric  next_hop  timeout_left  garbage_left
6           1       6        12.0s        -           
7           0       -        -            -           

Router 7 routing table
destination  metric  next_hop  timeout_left  garbage_left
5           3       6        12.0s        -           
6           1       6        12.0s        -           
7           0       -        -            -           

Router 7 routing table
destination  metric  next_hop  timeout_left  garbage_left
5           3       6        12.0s        -           
6           1       6        12.0s        -           
7           0       -        -            -           

Router 7 routing table
destination  metric  next_hop  timeout_left  garbage_left
5           3       6        10.0s        -           
6           1       6        10.0s        -           
7           0       -        -            -           

Router 7 routing table
destination  metric  next_hop  timeout_left  garbage_left
4           4       6        12.0s        -           
5           3       6        12.0s        -           
6           1       6        12.0s        -           
7           0       -        -            -           

Router 7 routing table
destination  metric  next_hop  timeout_left  garbage_left
1           7       6        12.0s        -           
2           6       6        12.0s        -           
3           5       6        12.0s        -           
4           4       6        12.0s        -           
5           3       6        12.0s        -           
6           1       6        12.0s        -           
7           0       -        -            -           

Router 7 routing table
destination  metric  next_hop  timeout_left  garbage_left
1           7       6        12.0s        -           
2           6       6        12.0s        -           
3           5       6        12.0s        -           
4           4       6        12.0s        -           
5           3       6        12.0s        -           
6           1       6        12.0s        -           
7           0       -        -            -           

Router 7 routing table
destination  metric  next_hop  timeout_left  garbage_left
1           7       6        12.0s        -           
2           6       6        12.0s        -           
3           5       6        12.0s        -           
4           4       6        12.0s        -           
5           3       6        12.0s        -           
6           1       6        12.0s        -           
7           0       -        -            -           

Router 7 routing table
destination  metric  next_hop  timeout_left  garbage_left
1           7       6        10.0s        -           
2           6       6        10.0s        -           
3           5       6        10.0s        -           
4           4       6        10.0s        -           
5           3       6        10.0s        -           
6           1       6        10.0s        -           
7           0       -        -            -           

Router 7 routing table
destination  metric  next_hop  timeout_left  garbage_left
1           7       6        12.0s        -           
2           6       6        12.0s        -           
3           5       6        12.0s        -           
4           4       6        12.0s        -           
5           3       6        12.0s        -           
6           1       6        12.0s        -           
7           0       -        -            -           

Router 7 routing table
destination  metric  next_hop  timeout_left  garbage_left
1           7       6        12.0s        -           
2           6       6        12.0s        -           
3           5       6        12.0s        -           
4           4       6        12.0s        -           
5           3       6        12.0s        -           
6           1       6        12.0s        -           
7           0       -        -            -           

Router 7 routing table
destination  metric  next_hop  timeout_left  garbage_left
1           7       6        12.0s        -           
2           6       6        12.0s        -           
3           5       6        12.0s        -           
4           4       6        12.0s        -           
5           3       6        12.0s        -           
6           1       6        12.0s        -           
7           0       -        -            -           

Router 7 routing table
destination  metric  next_hop  timeout_left  garbage_left
1           7       6        12.0s        -           
2           6       6        12.0s        -           
3           5       6        12.0s        -           
4           4       6        12.0s        -           
5           3       6        12.0s        -           
6           1       6        12.0s        -           
7           0       -        -            -           

Router 7 routing table
destination  metric  next_hop  timeout_left  garbage_left
1           7       6        12.0s        -           
2           6       6        12.0s        -           
3           5       6        12.0s        -           
4           4       6        12.0s        -           
5           3       6        12.0s        -           
6           1       6        12.0s        -           
7           0       -        -            -           

Router 7 routing table
destination  metric  next_hop  timeout_left  garbage_left
1           9       6        12.0s        -           
2           16      6        12.0s        8.0s        
3           5       6        12.0s        -           
4           4       6        12.0s        -           
5           3       6        12.0s        -           
6           1       6        12.0s        -           
7           0       -        -            -           

Router 7 routing table
destination  metric  next_hop  timeout_left  garbage_left
1           9       6        12.0s        -           
2           16      6        12.0s        8.0s        
3           5       6        12.0s        -           
4           4       6        12.0s        -           
5           3       6        12.0s        -           
6           1       6        12.0s        -           
7           0       -        -            -           

Router 7 routing table
destination  metric  next_hop  timeout_left  garbage_left
1           9       6        12.0s        -           
2           16      6        10.0s        6.0s        
3           5       6        12.0s        -           
4           4       6        12.0s        -           
5           3       6        12.0s        -           
6           1       6        12.0s        -           
7           0       -        -            -           

Router 7 routing table
destination  metric  next_hop  timeout_left  garbage_left
1           9       6        12.0s        -           
2           16      6        8.0s         4.0s        
3           5       6        12.0s        -           
4           4       6        12.0s        -           
5           3       6        12.0s        -           
6           1       6        12.0s        -           
7           0       -        -            -           

Router 7 routing table
destination  metric  next_hop  timeout_left  garbage_left
1           9       6        12.0s        -           
2           16      6        6.0s         2.0s        
3           5       6        12.0s        -           
4           4       6        12.0s        -           
5           3       6        12.0s        -           
6           1       6        12.0s        -           
7           0       -        -            -           

Router 7 routing table
destination  metric  next_hop  timeout_left  garbage_left
1           9       6        10.0s        -           
3           5       6        10.0s        -           
4           4       6        10.0s        -           
5           3       6        10.0s        -           
6           1       6        10.0s        -           
7           0       -        -            -           

Router 7 routing table
destination  metric  next_hop  timeout_left  garbage_left
1           9       6        10.0s        -           
3           5       6        10.0s        -           
4           4       6        10.0s        -           
5           3       6        10.0s        -           
6           1       6        10.0s        -           
7           0       -        -            -           

Router 7 routing table
destination  metric  next_hop  timeout_left  garbage_left
1           9       6        12.0s        -           
3           5       6        12.0s        -           
4           4       6        12.0s        -           
5           3       6        12.0s        -           
6           1       6        12.0s        -           
7           0       -        -            -           

Router 7 routing table
destination  metric  next_hop  timeout_left  garbage_left
1           7       6        12.0s        -           
2           6       6        12.0s        -           
3           5       6        12.0s        -           
4           4       6        12.0s        -           
5           3       6        12.0s        -           
6           1       6        12.0s        -           
7           0       -        -            -           

Router 7 routing table
destination  metric  next_hop  timeout_left  garbage_left
1           7       6        12.0s        -           
2           6       6        12.0s        -           
3           5       6        12.0s        -           
4           4       6        12.0s        -           
5           3       6        12.0s        -           
6           1       6        12.0s        -           
7           0       -        -            -           

Router 7 routing table
destination  metric  next_hop  timeout_left  garbage_left
1           7       6        12.0s        -           
2           6       6        12.0s        -           
3           5       6        12.0s        -           
4           4       6        12.0s        -           
5           3       6        12.0s        -           
6           1       6        12.0s        -           
7           0       -        -            -           

Router 7 routing table
destination  metric  next_hop  timeout_left  garbage_left
1           7       6        12.0s        -           
2           6       6        12.0s        -           
3           5       6        12.0s        -           
4           4       6        12.0s        -           
5           3       6        12.0s        -           
6           1       6        12.0s        -           
7           0       -        -            -           

Router 7 routing table
destination  metric  next_hop  timeout_left  garbage_left
1           7       6        12.0s        -           
2           6       6        12.0s        -           
3           5       6        12.0s        -           
4           4       6        12.0s        -           
5           3       6        12.0s        -           
6           1       6        12.0s        -           
7           0       -        -            -           

Router 7 routing table
destination  metric  next_hop  timeout_left  garbage_left
1           7       6        12.0s        -           
2           6       6        12.0s        -           
3           5       6        12.0s        -           
4           4       6        12.0s        -           
5           3       6        12.0s        -           
6           1       6        12.0s        -           
7           0       -        -            -           

Router 7 routing table
destination  metric  next_hop  timeout_left  garbage_left
1           7       6        12.0s        -           
2           6       6        12.0s        -           
3           5       6        12.0s        -           
4           4       6        12.0s        -           
5           3       6        12.0s        -           
6           1       6        12.0s        -           
7           0       -        -            -           

Router 7 routing table
destination  metric  next_hop  timeout_left  garbage_left
1           7       6        12.0s        -           
2           6       6        12.0s        -           
3           5       6        12.0s        -           
4           4       6        12.0s        -           
5           3       6        12.0s        -           
6           1       6        12.0s        -           
7           0       -        -            -           

Router 7 routing table
destination  metric  next_hop  timeout_left  garbage_left
1           7       6        10.0s        -           
2           6       6        10.0s        -           
3           5       6        10.0s        -           
4           4       6        10.0s        -           
5           3       6        10.0s        -           
6           1       6        10.0s        -           
7           0       -        -            -           

